# JRE version: OpenJDK Runtime Environment (8.0_212) (build 1.8.0_212-release-1586-b4-5784211)
# Java VM: OpenJDK 64-Bit Server VM (25.212-b4-5784211 mixed mode bsd-amd64 compressed oops)
Heap:
 PSYoungGen      total 473088K, used 21171K [0x00000007a0000000, 0x00000007c0000000, 0x00000007c0000000)
  eden space 431104K, 0% used [0x00000007a0000000,0x00000007a0000000,0x00000007ba500000)
  from space 41984K, 50% used [0x00000007bd700000,0x00000007bebaced8,0x00000007c0000000)
  to   space 46592K, 0% used [0x00000007ba500000,0x00000007ba500000,0x00000007bd280000)
 ParOldGen       total 133632K, used 126365K [0x0000000760000000, 0x0000000768280000, 0x00000007a0000000)
  object space 133632K, 94% used [0x0000000760000000,0x0000000767b67748,0x0000000768280000)
 Metaspace       used 112289K, capacity 117652K, committed 117888K, reserved 1150976K
  class space    used 14399K, capacity 15384K, committed 15488K, reserved 1048576K
GC Heap History (10 events):
Event: 2298.565 GC heap after
Heap after GC invocations=38 (full 4):
 PSYoungGen      total 484352K, used 16278K [0x00000007a0000000, 0x00000007c0000000, 0x00000007c0000000)
  eden space 442880K, 0% used [0x00000007a0000000,0x00000007a0000000,0x00000007bb080000)
  from space 41472K, 39% used [0x00000007bd780000,0x00000007be765b00,0x00000007c0000000)
  to   space 39936K, 0% used [0x00000007bb080000,0x00000007bb080000,0x00000007bd780000)
 ParOldGen       total 133632K, used 85924K [0x0000000760000000, 0x0000000768280000, 0x00000007a0000000)
  object space 133632K, 64% used [0x0000000760000000,0x00000007653e9240,0x0000000768280000)
 Metaspace       used 109293K, capacity 114056K, committed 114304K, reserved 1148928K
  class space    used 14019K, capacity 14898K, committed 14976K, reserved 1048576K
}
Event: 2303.289 GC heap before
{Heap before GC invocations=39 (full 4):
 PSYoungGen      total 484352K, used 459158K [0x00000007a0000000, 0x00000007c0000000, 0x00000007c0000000)
  eden space 442880K, 100% used [0x00000007a0000000,0x00000007bb080000,0x00000007bb080000)
  from space 41472K, 39% used [0x00000007bd780000,0x00000007be765b00,0x00000007c0000000)
  to   space 39936K, 0% used [0x00000007bb080000,0x00000007bb080000,0x00000007bd780000)
 ParOldGen       total 133632K, used 85924K [0x0000000760000000, 0x0000000768280000, 0x00000007a0000000)
  object space 133632K, 64% used [0x0000000760000000,0x00000007653e9240,0x0000000768280000)
 Metaspace       used 109300K, capacity 114056K, committed 114304K, reserved 1148928K
  class space    used 14019K, capacity 14898K, committed 14976K, reserved 1048576K
Event: 2303.472 GC heap after
Heap after GC invocations=39 (full 4):
 PSYoungGen      total 451584K, used 8283K [0x00000007a0000000, 0x00000007bfd80000, 0x00000007c0000000)
  eden space 442880K, 0% used [0x00000007a0000000,0x00000007a0000000,0x00000007bb080000)
  from space 8704K, 95% used [0x00000007bb080000,0x00000007bb896ed0,0x00000007bb900000)
  to   space 39424K, 0% used [0x00000007bd700000,0x00000007bd700000,0x00000007bfd80000)
 ParOldGen       total 133632K, used 94841K [0x0000000760000000, 0x0000000768280000, 0x00000007a0000000)
  object space 133632K, 70% used [0x0000000760000000,0x0000000765c9e700,0x0000000768280000)
 Metaspace       used 109300K, capacity 114056K, committed 114304K, reserved 1148928K
  class space    used 14019K, capacity 14898K, committed 14976K, reserved 1048576K
}
Event: 2307.327 GC heap before
{Heap before GC invocations=40 (full 4):
 PSYoungGen      total 451584K, used 451163K [0x00000007a0000000, 0x00000007bfd80000, 0x00000007c0000000)
  eden space 442880K, 100% used [0x00000007a0000000,0x00000007bb080000,0x00000007bb080000)
  from space 8704K, 95% used [0x00000007bb080000,0x00000007bb896ed0,0x00000007bb900000)
  to   space 39424K, 0% used [0x00000007bd700000,0x00000007bd700000,0x00000007bfd80000)
 ParOldGen       total 133632K, used 94841K [0x0000000760000000, 0x0000000768280000, 0x00000007a0000000)
  object space 133632K, 70% used [0x0000000760000000,0x0000000765c9e700,0x0000000768280000)
 Metaspace       used 109322K, capacity 114056K, committed 114304K, reserved 1148928K
  class space    used 14019K, capacity 14898K, committed 14976K, reserved 1048576K
Event: 2307.352 GC heap after
Heap after GC invocations=40 (full 4):
 PSYoungGen      total 482304K, used 5781K [0x00000007a0000000, 0x00000007c0000000, 0x00000007c0000000)
  eden space 442880K, 0% used [0x00000007a0000000,0x00000007a0000000,0x00000007bb080000)
  from space 39424K, 14% used [0x00000007bd700000,0x00000007bdca5698,0x00000007bfd80000)
  to   space 39424K, 0% used [0x00000007bb080000,0x00000007bb080000,0x00000007bd700000)
 ParOldGen       total 133632K, used 101525K [0x0000000760000000, 0x0000000768280000, 0x00000007a0000000)
  object space 133632K, 75% used [0x0000000760000000,0x00000007663255e0,0x0000000768280000)
 Metaspace       used 109322K, capacity 114056K, committed 114304K, reserved 1148928K
  class space    used 14019K, capacity 14898K, committed 14976K, reserved 1048576K
}
Event: 2313.117 GC heap before
{Heap before GC invocations=41 (full 4):
 PSYoungGen      total 482304K, used 448661K [0x00000007a0000000, 0x00000007c0000000, 0x00000007c0000000)
  eden space 442880K, 100% used [0x00000007a0000000,0x00000007bb080000,0x00000007bb080000)
  from space 39424K, 14% used [0x00000007bd700000,0x00000007bdca5698,0x00000007bfd80000)
  to   space 39424K, 0% used [0x00000007bb080000,0x00000007bb080000,0x00000007bd700000)
 ParOldGen       total 133632K, used 101525K [0x0000000760000000, 0x0000000768280000, 0x00000007a0000000)
  object space 133632K, 75% used [0x0000000760000000,0x00000007663255e0,0x0000000768280000)
 Metaspace       used 109952K, capacity 114724K, committed 114816K, reserved 1148928K
  class space    used 14074K, capacity 14952K, committed 14976K, reserved 1048576K
Event: 2313.247 GC heap after
Heap after GC invocations=41 (full 4):
 PSYoungGen      total 482304K, used 39399K [0x00000007a0000000, 0x00000007c0000000, 0x00000007c0000000)
  eden space 442880K, 0% used [0x00000007a0000000,0x00000007a0000000,0x00000007bb080000)
  from space 39424K, 99% used [0x00000007bb080000,0x00000007bd6f9ca8,0x00000007bd700000)
  to   space 41984K, 0% used [0x00000007bd700000,0x00000007bd700000,0x00000007c0000000)
 ParOldGen       total 133632K, used 110275K [0x0000000760000000, 0x0000000768280000, 0x00000007a0000000)
  object space 133632K, 82% used [0x0000000760000000,0x0000000766bb0c50,0x0000000768280000)
 Metaspace       used 109952K, capacity 114724K, committed 114816K, reserved 1148928K
  class space    used 14074K, capacity 14952K, committed 14976K, reserved 1048576K
}
Event: 2407.463 GC heap before
{Heap before GC invocations=42 (full 4):
 PSYoungGen      total 482304K, used 482279K [0x00000007a0000000, 0x00000007c0000000, 0x00000007c0000000)
  eden space 442880K, 100% used [0x00000007a0000000,0x00000007bb080000,0x00000007bb080000)
  from space 39424K, 99% used [0x00000007bb080000,0x00000007bd6f9ca8,0x00000007bd700000)
  to   space 41984K, 0% used [0x00000007bd700000,0x00000007bd700000,0x00000007c0000000)
 ParOldGen       total 133632K, used 110275K [0x0000000760000000, 0x0000000768280000, 0x00000007a0000000)
  object space 133632K, 82% used [0x0000000760000000,0x0000000766bb0c50,0x0000000768280000)
 Metaspace       used 112289K, capacity 117652K, committed 117888K, reserved 1150976K
  class space    used 14399K, capacity 15384K, committed 15488K, reserved 1048576K
Event: 2407.871 GC heap after
Heap after GC invocations=42 (full 4):
 PSYoungGen      total 473088K, used 21171K [0x00000007a0000000, 0x00000007c0000000, 0x00000007c0000000)
  eden space 431104K, 0% used [0x00000007a0000000,0x00000007a0000000,0x00000007ba500000)
  from space 41984K, 50% used [0x00000007bd700000,0x00000007bebaced8,0x00000007c0000000)
  to   space 46592K, 0% used [0x00000007ba500000,0x00000007ba500000,0x00000007bd280000)
 ParOldGen       total 133632K, used 126365K [0x0000000760000000, 0x0000000768280000, 0x00000007a0000000)
  object space 133632K, 94% used [0x0000000760000000,0x0000000767b67748,0x0000000768280000)
 Metaspace       used 112289K, capacity 117652K, committed 117888K, reserved 1150976K
  class space    used 14399K, capacity 15384K, committed 15488K, reserved 1048576K
}
Event: 2407.872 GC heap before
{Heap before GC invocations=43 (full 5):
 PSYoungGen      total 473088K, used 21171K [0x00000007a0000000, 0x00000007c0000000, 0x00000007c0000000)
  eden space 431104K, 0% used [0x00000007a0000000,0x00000007a0000000,0x00000007ba500000)
  from space 41984K, 50% used [0x00000007bd700000,0x00000007bebaced8,0x00000007c0000000)
  to   space 46592K, 0% used [0x00000007ba500000,0x00000007ba500000,0x00000007bd280000)
 ParOldGen       total 133632K, used 126365K [0x0000000760000000, 0x0000000768280000, 0x00000007a0000000)
  object space 133632K, 94% used [0x0000000760000000,0x0000000767b67748,0x0000000768280000)
 Metaspace       used 112289K, capacity 117652K, committed 117888K, reserved 1150976K
  class space    used 14399K, capacity 15384K, committed 15488K, reserved 1048576K

